Build started 12/6/2019 1:40:14 AM.
     1>Project "C:\Users\Aladdin\Desktop\k\Hangman_v1\Hangman_v1\Hangman_v1.vcxproj" on node 2 (Build target(s)).
     1>ClCompile:
         C:\Program Files (x86)\Microsoft Visual Studio 12.0\VC\bin\CL.exe /c /ZI /nologo /W3 /WX- /sdl /Od /Oy- /D _MBCS /Gm /EHsc /RTC1 /MDd /GS /fp:precise /Zc:wchar_t /Zc:forScope /Fo"Debug\\" /Fd"Debug\vc120.pdb" /Gd /TP /analyze- /errorReport:prompt Source.cpp hangman.cpp
         hangman.cpp
     1>c:\users\aladdin\desktop\k\hangman_v1\hangman_v1\hangman.h(10): error C2146: syntax error : missing ';' before identifier 'cword'
     1>c:\users\aladdin\desktop\k\hangman_v1\hangman_v1\hangman.h(10): error C4430: missing type specifier - int assumed. Note: C++ does not support default-int
     1>c:\users\aladdin\desktop\k\hangman_v1\hangman_v1\hangman.h(11): error C2146: syntax error : missing ';' before identifier 'cmean'
     1>c:\users\aladdin\desktop\k\hangman_v1\hangman_v1\hangman.h(11): error C4430: missing type specifier - int assumed. Note: C++ does not support default-int
     1>c:\users\aladdin\desktop\k\hangman_v1\hangman_v1\hangman.h(12): error C2146: syntax error : missing ';' before identifier 'hiden_word'
     1>c:\users\aladdin\desktop\k\hangman_v1\hangman_v1\hangman.h(12): error C4430: missing type specifier - int assumed. Note: C++ does not support default-int
     1>c:\users\aladdin\desktop\k\hangman_v1\hangman_v1\hangman.h(16): error C2146: syntax error : missing ';' before identifier 'name'
     1>c:\users\aladdin\desktop\k\hangman_v1\hangman_v1\hangman.h(16): error C4430: missing type specifier - int assumed. Note: C++ does not support default-int
     1>c:\users\aladdin\desktop\k\hangman_v1\hangman_v1\hangman.h(17): error C2146: syntax error : missing ';' before identifier 'meaning'
     1>c:\users\aladdin\desktop\k\hangman_v1\hangman_v1\hangman.h(17): error C4430: missing type specifier - int assumed. Note: C++ does not support default-int
     1>c:\users\aladdin\desktop\k\hangman_v1\hangman_v1\hangman.h(19): error C2143: syntax error : missing ';' before '<'
     1>c:\users\aladdin\desktop\k\hangman_v1\hangman_v1\hangman.h(19): error C4430: missing type specifier - int assumed. Note: C++ does not support default-int
     1>c:\users\aladdin\desktop\k\hangman_v1\hangman_v1\hangman.h(19): error C2238: unexpected token(s) preceding ';'
     1>c:\users\aladdin\desktop\k\hangman_v1\hangman_v1\hangman.h(27): error C2061: syntax error : identifier 'string'
     1>c:\users\aladdin\desktop\k\hangman_v1\hangman_v1\hangman.cpp(37): error C2039: 'name' : is not a member of 'hangman::word'
                 c:\users\aladdin\desktop\k\hangman_v1\hangman_v1\hangman.h(15) : see declaration of 'hangman::word'
     1>c:\users\aladdin\desktop\k\hangman_v1\hangman_v1\hangman.cpp(37): error C2780: 'std::basic_istream<_Elem,_Traits> &std::getline(std::basic_istream<_Elem,_Traits> &,std::basic_string<_Elem,_Traits,_Alloc> &)' : expects 2 arguments - 1 provided
                 c:\program files (x86)\microsoft visual studio 12.0\vc\include\string(156) : see declaration of 'std::getline'
     1>c:\users\aladdin\desktop\k\hangman_v1\hangman_v1\hangman.cpp(37): error C2780: 'std::basic_istream<_Elem,_Traits> &std::getline(std::basic_istream<_Elem,_Traits> &,std::basic_string<_Elem,_Traits,_Alloc> &,const _Elem)' : expects 3 arguments - 1 provided
                 c:\program files (x86)\microsoft visual studio 12.0\vc\include\string(145) : see declaration of 'std::getline'
     1>c:\users\aladdin\desktop\k\hangman_v1\hangman_v1\hangman.cpp(37): error C2780: 'std::basic_istream<_Elem,_Traits> &std::getline(std::basic_istream<_Elem,_Traits> &&,std::basic_string<_Elem,_Traits,_Alloc> &)' : expects 2 arguments - 1 provided
                 c:\program files (x86)\microsoft visual studio 12.0\vc\include\string(125) : see declaration of 'std::getline'
     1>c:\users\aladdin\desktop\k\hangman_v1\hangman_v1\hangman.cpp(37): error C2780: 'std::basic_istream<_Elem,_Traits> &std::getline(std::basic_istream<_Elem,_Traits> &&,std::basic_string<_Elem,_Traits,_Alloc> &,const _Elem)' : expects 3 arguments - 1 provided
                 c:\program files (x86)\microsoft visual studio 12.0\vc\include\string(72) : see declaration of 'std::getline'
     1>c:\users\aladdin\desktop\k\hangman_v1\hangman_v1\hangman.cpp(38): error C2039: 'name' : is not a member of 'hangman::word'
                 c:\users\aladdin\desktop\k\hangman_v1\hangman_v1\hangman.h(15) : see declaration of 'hangman::word'
     1>c:\users\aladdin\desktop\k\hangman_v1\hangman_v1\hangman.cpp(42): error C2039: 'meaning' : is not a member of 'hangman::word'
                 c:\users\aladdin\desktop\k\hangman_v1\hangman_v1\hangman.h(15) : see declaration of 'hangman::word'
     1>c:\users\aladdin\desktop\k\hangman_v1\hangman_v1\hangman.cpp(42): error C2780: 'std::basic_istream<_Elem,_Traits> &std::getline(std::basic_istream<_Elem,_Traits> &,std::basic_string<_Elem,_Traits,_Alloc> &)' : expects 2 arguments - 1 provided
                 c:\program files (x86)\microsoft visual studio 12.0\vc\include\string(156) : see declaration of 'std::getline'
     1>c:\users\aladdin\desktop\k\hangman_v1\hangman_v1\hangman.cpp(42): error C2780: 'std::basic_istream<_Elem,_Traits> &std::getline(std::basic_istream<_Elem,_Traits> &,std::basic_string<_Elem,_Traits,_Alloc> &,const _Elem)' : expects 3 arguments - 1 provided
                 c:\program files (x86)\microsoft visual studio 12.0\vc\include\string(145) : see declaration of 'std::getline'
     1>c:\users\aladdin\desktop\k\hangman_v1\hangman_v1\hangman.cpp(42): error C2780: 'std::basic_istream<_Elem,_Traits> &std::getline(std::basic_istream<_Elem,_Traits> &&,std::basic_string<_Elem,_Traits,_Alloc> &)' : expects 2 arguments - 1 provided
                 c:\program files (x86)\microsoft visual studio 12.0\vc\include\string(125) : see declaration of 'std::getline'
     1>c:\users\aladdin\desktop\k\hangman_v1\hangman_v1\hangman.cpp(42): error C2780: 'std::basic_istream<_Elem,_Traits> &std::getline(std::basic_istream<_Elem,_Traits> &&,std::basic_string<_Elem,_Traits,_Alloc> &,const _Elem)' : expects 3 arguments - 1 provided
                 c:\program files (x86)\microsoft visual studio 12.0\vc\include\string(72) : see declaration of 'std::getline'
     1>c:\users\aladdin\desktop\k\hangman_v1\hangman_v1\hangman.cpp(43): error C2065: 'data' : undeclared identifier
     1>c:\users\aladdin\desktop\k\hangman_v1\hangman_v1\hangman.cpp(43): error C2228: left of '.push_back' must have class/struct/union
                 type is 'unknown-type'
     1>c:\users\aladdin\desktop\k\hangman_v1\hangman_v1\hangman.cpp(48): error C2511: 'bool hangman::checkwin(std::string)' : overloaded member function not found in 'hangman'
                 c:\users\aladdin\desktop\k\hangman_v1\hangman_v1\hangman.h(6) : see declaration of 'hangman'
     1>c:\users\aladdin\desktop\k\hangman_v1\hangman_v1\hangman.cpp(59): error C3867: 'std::basic_string<char,std::char_traits<char>,std::allocator<char>>::size': function call missing argument list; use '&std::basic_string<char,std::char_traits<char>,std::allocator<char>>::size' to create a pointer to member
     1>c:\users\aladdin\desktop\k\hangman_v1\hangman_v1\hangman.cpp(59): error C2446: '<' : no conversion from 'unsigned int (__thiscall std::basic_string<char,std::char_traits<char>,std::allocator<char>>::* )(void) throw() const' to 'int'
                 There is no context in which this conversion is possible
     1>c:\users\aladdin\desktop\k\hangman_v1\hangman_v1\hangman.cpp(59): error C2297: '<' : illegal, right operand has type 'unsigned int (__thiscall std::basic_string<char,std::char_traits<char>,std::allocator<char>>::* )(void) throw() const'
     1>c:\users\aladdin\desktop\k\hangman_v1\hangman_v1\hangman.cpp(69): error C2065: 'data' : undeclared identifier
     1>c:\users\aladdin\desktop\k\hangman_v1\hangman_v1\hangman.cpp(69): error C2228: left of '.size' must have class/struct/union
                 type is 'unknown-type'
     1>c:\users\aladdin\desktop\k\hangman_v1\hangman_v1\hangman.cpp(70): error C2065: 'cword' : undeclared identifier
     1>c:\users\aladdin\desktop\k\hangman_v1\hangman_v1\hangman.cpp(70): error C2065: 'data' : undeclared identifier
     1>c:\users\aladdin\desktop\k\hangman_v1\hangman_v1\hangman.cpp(70): error C2228: left of '.name' must have class/struct/union
     1>c:\users\aladdin\desktop\k\hangman_v1\hangman_v1\hangman.cpp(71): error C2065: 'cmean' : undeclared identifier
     1>c:\users\aladdin\desktop\k\hangman_v1\hangman_v1\hangman.cpp(71): error C2065: 'data' : undeclared identifier
     1>c:\users\aladdin\desktop\k\hangman_v1\hangman_v1\hangman.cpp(71): error C2228: left of '.meaning' must have class/struct/union
     1>c:\users\aladdin\desktop\k\hangman_v1\hangman_v1\hangman.cpp(72): error C2065: 'cword' : undeclared identifier
     1>c:\users\aladdin\desktop\k\hangman_v1\hangman_v1\hangman.cpp(72): error C2228: left of '.size' must have class/struct/union
                 type is 'unknown-type'
     1>c:\users\aladdin\desktop\k\hangman_v1\hangman_v1\hangman.cpp(73): error C2065: 'hiden_word' : undeclared identifier
     1>c:\users\aladdin\desktop\k\hangman_v1\hangman_v1\hangman.cpp(85): error C2065: 'cmean' : undeclared identifier
     1>c:\users\aladdin\desktop\k\hangman_v1\hangman_v1\hangman.cpp(90): error C2660: 'hangman::checkwin' : function does not take 1 arguments
     1>c:\users\aladdin\desktop\k\hangman_v1\hangman_v1\hangman.cpp(110): error C2065: 'hiden_word' : undeclared identifier
     1>c:\users\aladdin\desktop\k\hangman_v1\hangman_v1\hangman.cpp(122): error C2065: 'hiden_word' : undeclared identifier
         Source.cpp
     1>c:\users\aladdin\desktop\k\hangman_v1\hangman_v1\hangman.h(10): error C2146: syntax error : missing ';' before identifier 'cword'
     1>c:\users\aladdin\desktop\k\hangman_v1\hangman_v1\hangman.h(10): error C4430: missing type specifier - int assumed. Note: C++ does not support default-int
     1>c:\users\aladdin\desktop\k\hangman_v1\hangman_v1\hangman.h(11): error C2146: syntax error : missing ';' before identifier 'cmean'
     1>c:\users\aladdin\desktop\k\hangman_v1\hangman_v1\hangman.h(11): error C4430: missing type specifier - int assumed. Note: C++ does not support default-int
     1>c:\users\aladdin\desktop\k\hangman_v1\hangman_v1\hangman.h(12): error C2146: syntax error : missing ';' before identifier 'hiden_word'
     1>c:\users\aladdin\desktop\k\hangman_v1\hangman_v1\hangman.h(12): error C4430: missing type specifier - int assumed. Note: C++ does not support default-int
     1>c:\users\aladdin\desktop\k\hangman_v1\hangman_v1\hangman.h(16): error C2146: syntax error : missing ';' before identifier 'name'
     1>c:\users\aladdin\desktop\k\hangman_v1\hangman_v1\hangman.h(16): error C4430: missing type specifier - int assumed. Note: C++ does not support default-int
     1>c:\users\aladdin\desktop\k\hangman_v1\hangman_v1\hangman.h(17): error C2146: syntax error : missing ';' before identifier 'meaning'
     1>c:\users\aladdin\desktop\k\hangman_v1\hangman_v1\hangman.h(17): error C4430: missing type specifier - int assumed. Note: C++ does not support default-int
     1>c:\users\aladdin\desktop\k\hangman_v1\hangman_v1\hangman.h(19): error C2143: syntax error : missing ';' before '<'
     1>c:\users\aladdin\desktop\k\hangman_v1\hangman_v1\hangman.h(19): error C4430: missing type specifier - int assumed. Note: C++ does not support default-int
     1>c:\users\aladdin\desktop\k\hangman_v1\hangman_v1\hangman.h(19): error C2238: unexpected token(s) preceding ';'
     1>c:\users\aladdin\desktop\k\hangman_v1\hangman_v1\hangman.h(27): error C2061: syntax error : identifier 'string'
         Generating Code...
     1>Done Building Project "C:\Users\Aladdin\Desktop\k\Hangman_v1\Hangman_v1\Hangman_v1.vcxproj" (Build target(s)) -- FAILED.

Build FAILED.

Time Elapsed 00:00:00.99
